⚠ Warning: Next.js inferred your workspace root, but it may not be correct.
 We detected multiple lockfiles and selected the directory of /Users/avnishverma/package-lock.json as the root directory.
 To silence this warning, set `turbopack.root` in your Next.js config, or consider removing one of the lockfiles if it's not needed.
   See https://nextjs.org/docs/app/api-reference/config/next-config-js/turbopack#root-directory for more information.
 Detected additional lockfiles: 
   * /Users/avnishverma/Desktop/smack-website/package-lock.json

▲ Next.js 16.1.6 (Turbopack)
- Environments: .env.local

  Creating an optimized production build ...
✓ Compiled successfully in 13.0s
  Running TypeScript ...
  Collecting page data using 9 workers ...
  Generating static pages using 9 workers (0/30) ...
⨯ useSearchParams() should be wrapped in a suspense boundary at page "/campus-ambassador". Read more: https://nextjs.org/docs/messages/missing-suspense-with-csr-bailout
    at Q (/Users/avnishverma/Desktop/smack-website/.next/server/chunks/ssr/8d254_next_1c653e96._.js:2:2111)
    at o (/Users/avnishverma/Desktop/smack-website/.next/server/chunks/ssr/8d254_next_1c653e96._.js:4:5283)
    at j (/Users/avnishverma/Desktop/smack-website/.next/server/chunks/ssr/[root-of-the-server]__a82f5d71._.js:9:3535)
    at an (/Users/avnishverma/Desktop/smack-website/node_modules/next/dist/compiled/next-server/app-page-turbo.runtime.prod.js:2:84360)
    at ai (/Users/avnishverma/Desktop/smack-website/node_modules/next/dist/compiled/next-server/app-page-turbo.runtime.prod.js:2:86179)
    at al (/Users/avnishverma/Desktop/smack-website/node_modules/next/dist/compiled/next-server/app-page-turbo.runtime.prod.js:2:107953)
    at as (/Users/avnishverma/Desktop/smack-website/node_modules/next/dist/compiled/next-server/app-page-turbo.runtime.prod.js:2:105368)
    at aa (/Users/avnishverma/Desktop/smack-website/node_modules/next/dist/compiled/next-server/app-page-turbo.runtime.prod.js:2:84712)
    at ai (/Users/avnishverma/Desktop/smack-website/node_modules/next/dist/compiled/next-server/app-page-turbo.runtime.prod.js:2:86228)
    at ai (/Users/avnishverma/Desktop/smack-website/node_modules/next/dist/compiled/next-server/app-page-turbo.runtime.prod.js:2:104708)
Error occurred prerendering page "/campus-ambassador". Read more: https://nextjs.org/docs/messages/prerender-error
Export encountered an error on /campus-ambassador/page: /campus-ambassador, exiting the build.
⨯ Next.js build worker exited with code: 1 and signal: null
